c:\users\13343\documents\visual studio 2015\projects\qqwindow\qqwindow\debug\vc140.pdb
c:\users\13343\documents\visual studio 2015\projects\qqwindow\qqwindow\debug\qqwindow.obj
c:\users\13343\documents\visual studio 2015\projects\qqwindow\qqwindow\debug\main.obj
c:\users\13343\documents\visual studio 2015\projects\qqwindow\qqwindow\debug\moc_qqwindow.obj
c:\users\13343\documents\visual studio 2015\projects\qqwindow\qqwindow\debug\moc_chatbox.obj
c:\users\13343\documents\visual studio 2015\projects\qqwindow\qqwindow\debug\chatbox.obj
c:\users\13343\documents\visual studio 2015\projects\qqwindow\qqwindow\debug\qrc_qqwindow.obj
c:\users\13343\documents\visual studio 2015\projects\qqwindow\qqwindow\generatedfiles\debug\moc_qqwindow.cpp
c:\users\13343\documents\visual studio 2015\projects\qqwindow\qqwindow\generatedfiles\debug\moc_chatbox.cpp
c:\users\13343\documents\visual studio 2015\projects\qqwindow\qqwindow\generatedfiles\qrc_qqwindow.cpp
c:\users\13343\documents\visual studio 2015\projects\qqwindow\qqwindow\generatedfiles\ui_chatbox.h
c:\users\13343\documents\visual studio 2015\projects\qqwindow\qqwindow\generatedfiles\ui_qqwindow.h
c:\users\13343\documents\visual studio 2015\projects\qqwindow\win32\debug\qqwindow.ilk
c:\users\13343\documents\visual studio 2015\projects\qqwindow\win32\debug\qqwindow.exe
c:\users\13343\documents\visual studio 2015\projects\qqwindow\win32\debug\qqwindow.pdb
c:\users\13343\documents\visual studio 2015\projects\qqwindow\qqwindow\debug\qqwindow.tlog\cl.command.1.tlog
c:\users\13343\documents\visual studio 2015\projects\qqwindow\qqwindow\debug\qqwindow.tlog\cl.read.1.tlog
c:\users\13343\documents\visual studio 2015\projects\qqwindow\qqwindow\debug\qqwindow.tlog\cl.write.1.tlog
c:\users\13343\documents\visual studio 2015\projects\qqwindow\qqwindow\debug\qqwindow.tlog\custombuild.command.1.tlog
c:\users\13343\documents\visual studio 2015\projects\qqwindow\qqwindow\debug\qqwindow.tlog\custombuild.read.1.tlog
c:\users\13343\documents\visual studio 2015\projects\qqwindow\qqwindow\debug\qqwindow.tlog\custombuild.write.1.tlog
c:\users\13343\documents\visual studio 2015\projects\qqwindow\qqwindow\debug\qqwindow.tlog\link.command.1.tlog
c:\users\13343\documents\visual studio 2015\projects\qqwindow\qqwindow\debug\qqwindow.tlog\link.read.1.tlog
c:\users\13343\documents\visual studio 2015\projects\qqwindow\qqwindow\debug\qqwindow.tlog\link.write.1.tlog
